
             Lattice Mapping Report File for Design Module 'led'


Design Information
------------------

Command line:   map -a ECP5UM -p LFE5UM-85F -t CABGA756 -s 8 -oc Industrial
     LED4_impl1.ngd -o LED4_impl1_map.ncd -pr LED4_impl1.prf -mp LED4_impl1.mrp
     -lpf C:/Users/onurh/Desktop/Staj_/FPGA/Lattice/Embedded Vision Development
     Kit/LED/LED4/impl1/LED4_impl1.lpf -lpf
     C:/Users/onurh/Desktop/Staj_/FPGA/Lattice/Embedded Vision Development
     Kit/LED/LED4/LED4.lpf -gui 
Target Vendor:  LATTICE
Target Device:  LFE5UM-85FCABGA756
Target Performance:   8
Mapper:  sa5p00m,  version:  Diamond Version 3.5.0.102
Mapped on:  08/09/17  14:45:31

Design Summary
--------------

   Number of registers:     29 out of 84735 (0%)
      PFU registers:           29 out of 83640 (0%)
      PIO registers:            0 out of  1095 (0%)
   Number of SLICEs:        52 out of 41820 (0%)
      SLICEs as Logic/ROM:     52 out of 41820 (0%)
      SLICEs as RAM:            0 out of 31365 (0%)
      SLICEs as Carry:         11 out of 41820 (0%)
   Number of LUT4s:         90 out of 83640 (0%)
      Number of logic LUTs:       68
      Number of distributed RAM:   0 (0 LUT4s)
      Number of ripple logic:     11 (22 LUT4s)
      Number of shift registers:   0
   Number of PIO sites used: 10 out of 365 (3%)
   Number of block RAMs:  0 out of 208 (0%)
   Number of GSRs:  0 out of 1 (0%)
   JTAG used :      No
   Readback used :  No
   Oscillator used :  Yes
   Startup used :   No
   DTR used :   No
   Number of Dynamic Bank Controller (BCINRD):  0 out of 4 (0%)
   Number of Dynamic Bank Controller (BCLVDSOB):  0 out of 4 (0%)
   Number of DCC:  0 out of 60 (0%)
   Number of DCS:  0 out of 2 (0%)
   Number of PLLs:  0 out of 4 (0%)
   Number of DDRDLLs:  0 out of 4 (0%)
   Number of CLKDIV:  0 out of 4 (0%)
   Number of ECLKSYNC:  0 out of 10 (0%)
   Number of ECLKBRIDGECS:  0 out of 2 (0%)
   Number of DCUs:  0 out of 2 (0%)
   Number of DCU Channels:  0 out of 4 (0%)
   Number of EXTREFs:  0 out of 2 (0%)
   Notes:-
      1. Total number of LUT4s = (Number of logic LUT4s) + 2*(Number of
     distributed RAMs) + 2*(Number of ripple logic)
      2. Number of logic LUT4s does not include count of distributed RAM and
     ripple logic.

        Number Of Mapped DSP Components:
   --------------------------------

                                    Page 1




Design:  led                                           Date:  08/09/17  14:45:31

Design Summary (cont)
---------------------
   MULT18X18D          0
   MULT9X9D            0
   ALU54B              0
   ALU24B              0
   PRADD18A            0
   PRADD9A             0
   --------------------------------
   Number of Used DSP MULT Sites:  0 out of 312 (0 %)
   Number of Used DSP ALU Sites:  0 out of 156 (0 %)
   Number of Used DSP PRADD Sites:  0 out of 312 (0 %)
   Number of clocks:  1
     Net ara_baglanti_c: 19 loads, 19 rising, 0 falling (Driver: OSCInst0 )
   Number of Clock Enables:  0
   Number of LSRs:  8
     Net n1504: 1 loads, 1 LSLICEs
     Net led_N_44: 1 loads, 1 LSLICEs
     Net n1510: 1 loads, 1 LSLICEs
     Net n1739: 1 loads, 1 LSLICEs
     Net n782: 1 loads, 1 LSLICEs
     Net led7_N_85: 11 loads, 11 LSLICEs
     Net n1027: 1 loads, 1 LSLICEs
     Net n1026: 1 loads, 1 LSLICEs
   Number of nets driven by tri-state buffers:  0
   Top 10 highest fanout non-clock nets:
     Net compteur.count_20: 16 loads
     Net compteur.count_17: 15 loads
     Net compteur.count_19: 12 loads
     Net led7_N_85: 12 loads
     Net compteur.count_10: 10 loads
     Net compteur.count_14: 10 loads
     Net compteur.count_18: 10 loads
     Net compteur.count_9: 10 loads
     Net compteur.count_11: 9 loads
     Net compteur.count_15: 8 loads




   Number of warnings:  0
   Number of errors:    0
     

Design Errors/Warnings
----------------------

   No errors or warnings present.

IO (PIO) Attributes
-------------------

+---------------------+-----------+-----------+------------+
| IO Name             | Direction | Levelmode | IO         |
|                     |           |  IO_TYPE  | Register   |
+---------------------+-----------+-----------+------------+
| ara_baglanti        | OUTPUT    | LVCMOS25  |            |
+---------------------+-----------+-----------+------------+

                                    Page 2




Design:  led                                           Date:  08/09/17  14:45:31

IO (PIO) Attributes (cont)
--------------------------
| clk_out             | OUTPUT    | LVCMOS25  |            |
+---------------------+-----------+-----------+------------+
| led7                | OUTPUT    | LVCMOS25  |            |
+---------------------+-----------+-----------+------------+
| led6                | OUTPUT    | LVCMOS25  |            |
+---------------------+-----------+-----------+------------+
| led5                | OUTPUT    | LVCMOS25  |            |
+---------------------+-----------+-----------+------------+
| led4                | OUTPUT    | LVCMOS25  |            |
+---------------------+-----------+-----------+------------+
| led3                | OUTPUT    | LVCMOS25  |            |
+---------------------+-----------+-----------+------------+
| led2                | OUTPUT    | LVCMOS25  |            |
+---------------------+-----------+-----------+------------+
| led1                | OUTPUT    | LVCMOS25  |            |
+---------------------+-----------+-----------+------------+
| led                 | OUTPUT    | LVCMOS25  |            |
+---------------------+-----------+-----------+------------+

Removed logic
-------------

Block GSR_INST undriven or does not drive anything - clipped.
Signal VCC_net undriven or does not drive anything - clipped.
Signal compteur.count_141_add_4_1/S0 undriven or does not drive anything -
     clipped.
Signal compteur.count_141_add_4_1/CI undriven or does not drive anything -
     clipped.
Signal compteur.count_141_add_4_21/CO undriven or does not drive anything -
     clipped.
Block i2 was optimized away.

Memory Usage
------------


     

OSC Summary
-----------

OSC 1:                                     Pin/Node Value
  OSC Instance Name:                                OSCInst0
  OSC Type:                                         OSCG
  OSC Output:                              PIN,NODE ara_baglanti_c
  OSC Divider Ratio:                                128

ASIC Components
---------------

Instance Name: OSCInst0
         Type: OSCG





                                    Page 3




Design:  led                                           Date:  08/09/17  14:45:31

Run Time and Memory Usage
-------------------------

   Total CPU Time: 1 secs  
   Total REAL Time: 2 secs  
   Peak Memory Usage: 217 MB
        




















































                                    Page 4


Copyright (c) 1991-1994 by NeoCAD Inc. All rights reserved.
     Copyright (c) 1995 AT&T Corp.   All rights reserved.
     Copyright (c) 1995-2001 Lucent Technologies Inc.  All rights reserved.
     Copyright (c) 2001 Agere Systems   All rights reserved.
     Copyright (c) 2002-2015 Lattice Semiconductor Corporation,  All rights
     reserved.
